g:\code\gldisplay\gldisplay\x64\release\mainwindow.obj
g:\code\gldisplay\gldisplay\x64\release\main.obj
g:\code\gldisplay\gldisplay\x64\release\glwidget.obj
g:\code\gldisplay\gldisplay\x64\release\gldisplay.obj
g:\code\gldisplay\gldisplay\x64\release\moc_mainwindow.obj
g:\code\gldisplay\gldisplay\x64\release\moc_glwidget.obj
g:\code\gldisplay\gldisplay\x64\release\moc_gldisplay.obj
g:\code\gldisplay\gldisplay\x64\release\arcball.obj
g:\code\gldisplay\gldisplay\x64\release\qrc_gldisplay.obj
g:\code\gldisplay\gldisplay\generatedfiles\release\moc_gldisplay.cpp
g:\code\gldisplay\gldisplay\generatedfiles\ui_gldisplay.h
g:\code\gldisplay\gldisplay\generatedfiles\release\moc_glwidget.cpp
g:\code\gldisplay\gldisplay\generatedfiles\release\moc_mainwindow.cpp
g:\code\gldisplay\gldisplay\generatedfiles\qrc_gldisplay.cpp
g:\code\gldisplay\x64\release\gldisplay.exe
g:\code\gldisplay\gldisplay\x64\release\gldisplay.tlog\cl.command.1.tlog
g:\code\gldisplay\gldisplay\x64\release\gldisplay.tlog\cl.read.1.tlog
g:\code\gldisplay\gldisplay\x64\release\gldisplay.tlog\cl.write.1.tlog
g:\code\gldisplay\gldisplay\x64\release\gldisplay.tlog\custombuild.command.1.tlog
g:\code\gldisplay\gldisplay\x64\release\gldisplay.tlog\custombuild.read.1.tlog
g:\code\gldisplay\gldisplay\x64\release\gldisplay.tlog\custombuild.write.1.tlog
g:\code\gldisplay\gldisplay\x64\release\gldisplay.tlog\link.command.1.tlog
g:\code\gldisplay\gldisplay\x64\release\gldisplay.tlog\link.read.1.tlog
g:\code\gldisplay\gldisplay\x64\release\gldisplay.tlog\link.write.1.tlog
