生成启动时间为 2015/12/16 18:53:19。
     1>项目“G:\code\GLDisplay\GLDisplay\GLDisplay.vcxproj”在节点 2 上(Build 个目标)。
     1>C:\Program Files (x86)\MSBuild\Microsoft.Cpp\v4.0\V120\Microsoft.CppBuild.targets(935,5): warning MSB8027: Two or more files with the name of moc_GLDisplay.cpp will produce outputs to the same location. This can lead to an incorrect build result.  The files involved are GeneratedFiles\Debug\moc_GLDisplay.cpp, GeneratedFiles\Release\moc_GLDisplay.cpp.
     1>C:\Program Files (x86)\MSBuild\Microsoft.Cpp\v4.0\V120\Microsoft.CppBuild.targets(935,5): warning MSB8027: Two or more files with the name of moc_GLWidget.cpp will produce outputs to the same location. This can lead to an incorrect build result.  The files involved are GeneratedFiles\Debug\moc_GLWidget.cpp, GeneratedFiles\Release\moc_GLWidget.cpp.
     1>C:\Program Files (x86)\MSBuild\Microsoft.Cpp\v4.0\V120\Microsoft.CppBuild.targets(935,5): warning MSB8027: Two or more files with the name of moc_mainwindow.cpp will produce outputs to the same location. This can lead to an incorrect build result.  The files involved are GeneratedFiles\Debug\moc_mainwindow.cpp, GeneratedFiles\Release\moc_mainwindow.cpp.
     1>ClCompile:
         F:\Program Files (x86)\Microsoft Visual Studio 12.0\VC\bin\x86_amd64\CL.exe /c /IH:\code\GLDisplay\include1 /IH:\code\GLDisplay\include /IG:\code\GLDisplay\include1 /IG:\code\GLDisplay\include /IF:\Qt\Qt5.4.0\5.4\msvc2013_64_opengl\include /I.\GeneratedFiles /I. /IF:\Qt\Qt5.4.0\5.4\msvc2013_64_opengl\include /I.\GeneratedFiles\Debug /IF:\Qt\Qt5.4.0\5.4\msvc2013_64_opengl\include\QtCore /IF:\Qt\Qt5.4.0\5.4\msvc2013_64_opengl\include\QtGui /IF:\Qt\Qt5.4.0\5.4\msvc2013_64_opengl\include\QtOpenGL /IF:\Qt\Qt5.4.0\5.4\msvc2013_64_opengl\include\QtWidgets /Zi /nologo /W1 /WX- /Od /D UNICODE /D WIN32 /D WIN64 /D QT_DLL /D QT_CORE_LIB /D QT_GUI_LIB /D QT_OPENGL_LIB /D QT_WIDGETS_LIB /Gm- /EHsc /MDd /GS /fp:precise /Zc:wchar_t /Zc:forScope /Fo"x64\Debug\\" /Fd"x64\Debug\vc120.pdb" /Gd /TP /errorReport:prompt GLWidget.cpp
         GLWidget.cpp
       Link:
         F:\Program Files (x86)\Microsoft Visual Studio 12.0\VC\bin\x86_amd64\link.exe /ERRORREPORT:PROMPT /OUT:"G:\code\GLDisplay\x64\Debug\\GLDisplay.exe" /NOLOGO /LIBPATH:H:\code\GLDisplay\lib /LIBPATH:G:\code\GLDisplay\lib /LIBPATH:F:\Qt\Qt5.4.0\5.4\msvc2013_64_opengl\lib /LIBPATH:F:\Qt\Qt5.4.0\5.4\msvc2013_64_opengl\lib freetype253_D.lib ftgl_static_D.lib qtmaind.lib Qt5Cored.lib Qt5Guid.lib Qt5OpenGLd.lib opengl32.lib glu32.lib Qt5Widgetsd.lib kernel32.lib user32.lib gdi32.lib winspool.lib comdlg32.lib advapi32.lib shell32.lib ole32.lib oleaut32.lib uuid.lib odbc32.lib odbccp32.lib /MANIFEST /MANIFESTUAC:"level='asInvoker' uiAccess='false'" /manifest:embed /DEBUG /PDB:"G:\code\GLDisplay\x64\Debug\GLDisplay.pdb" /SUBSYSTEM:WINDOWS /TLBID:1 /DYNAMICBASE /NXCOMPAT /IMPLIB:"G:\code\GLDisplay\x64\Debug\GLDisplay.lib" /MACHINE:X64 x64\Debug\ArcBall.obj
         x64\Debug\moc_GLDisplay.obj
         x64\Debug\moc_GLWidget.obj
         x64\Debug\moc_mainwindow.obj
         x64\Debug\qrc_GLDisplay.obj
         x64\Debug\GLDisplay.obj
         x64\Debug\GLWidget.obj
         x64\Debug\main.obj
         x64\Debug\mainwindow.obj
         GLDisplay.vcxproj -> G:\code\GLDisplay\x64\Debug\GLDisplay.exe
     1>已完成生成项目“G:\code\GLDisplay\GLDisplay\GLDisplay.vcxproj”(Build 个目标)的操作。

生成成功。

已用时间 00:00:02.41
