g:\code\gldisplay\gldisplay\x64\debug\vc120.pdb
g:\code\gldisplay\gldisplay\x64\debug\mainwindow.obj
g:\code\gldisplay\gldisplay\x64\debug\main.obj
g:\code\gldisplay\gldisplay\x64\debug\glwidget.obj
g:\code\gldisplay\gldisplay\x64\debug\gldisplay.obj
g:\code\gldisplay\gldisplay\x64\debug\moc_mainwindow.obj
g:\code\gldisplay\gldisplay\x64\debug\moc_glwidget.obj
g:\code\gldisplay\gldisplay\x64\debug\moc_gldisplay.obj
g:\code\gldisplay\gldisplay\x64\debug\arcball.obj
g:\code\gldisplay\gldisplay\x64\debug\qrc_gldisplay.obj
g:\code\gldisplay\gldisplay\generatedfiles\debug\moc_gldisplay.cpp
g:\code\gldisplay\gldisplay\generatedfiles\ui_gldisplay.h
g:\code\gldisplay\gldisplay\generatedfiles\debug\moc_glwidget.cpp
g:\code\gldisplay\gldisplay\generatedfiles\debug\moc_mainwindow.cpp
g:\code\gldisplay\gldisplay\generatedfiles\qrc_gldisplay.cpp
g:\code\gldisplay\x64\debug\gldisplay.ilk
g:\code\gldisplay\x64\debug\gldisplay.exe
g:\code\gldisplay\x64\debug\gldisplay.pdb
g:\code\gldisplay\gldisplay\x64\debug\gldisplay.tlog\cl.command.1.tlog
g:\code\gldisplay\gldisplay\x64\debug\gldisplay.tlog\cl.read.1.tlog
g:\code\gldisplay\gldisplay\x64\debug\gldisplay.tlog\cl.write.1.tlog
g:\code\gldisplay\gldisplay\x64\debug\gldisplay.tlog\custombuild.command.1.tlog
g:\code\gldisplay\gldisplay\x64\debug\gldisplay.tlog\custombuild.read.1.tlog
g:\code\gldisplay\gldisplay\x64\debug\gldisplay.tlog\custombuild.write.1.tlog
g:\code\gldisplay\gldisplay\x64\debug\gldisplay.tlog\link.command.1.tlog
g:\code\gldisplay\gldisplay\x64\debug\gldisplay.tlog\link.read.1.tlog
g:\code\gldisplay\gldisplay\x64\debug\gldisplay.tlog\link.write.1.tlog
